INFO:proxies.csv saved!
DEBUG:Starting new HTTPS connection (1): www.sslproxies.org:443
DEBUG:https://www.sslproxies.org:443 "GET / HTTP/1.1" 200 None
INFO:proxies.csv saved!
INFO:proxies.csv saved!
INFO:proxies.csv saved!
INFO:proxies.csv saved!
INFO:proxies.csv saved!
INFO:proxies.csv saved!
INFO:proxies.csv saved!
INFO:proxies.csv saved!
INFO:proxies.csv saved!
INFO:proxies.csv saved!
INFO:proxies.csv saved!
INFO:proxies.csv saved!
INFO:proxies.csv saved!
INFO:proxies.csv saved!
INFO:proxies.csv saved!
INFO:proxies.csv saved!
INFO:proxies.csv saved!
INFO:proxies.csv saved!
INFO:proxies.csv saved!
INFO:proxies.csv saved!
INFO:proxies.csv saved!
INFO:proxies.csv saved!
INFO:proxies.csv saved!
INFO:proxies.csv saved!
INFO:proxies.csv saved!
INFO:proxies.csv saved!
INFO:proxies.csv saved!
INFO:proxies.csv saved!
INFO:proxies.csv saved!
INFO:proxies.csv saved!
INFO:proxies.csv saved!
INFO:proxies.csv saved!
INFO:proxies.csv saved!
INFO:proxies.csv saved!
INFO:proxies.csv saved!
INFO:proxies.csv saved!
INFO:proxies.csv saved!
INFO:proxies.csv saved!
INFO:proxies.csv saved!
INFO:proxies.csv saved!
INFO:proxies.csv saved!
INFO:proxies.csv saved!
INFO:proxies.csv saved!
INFO:proxies.csv saved!
INFO:proxies.csv saved!
INFO:proxies.csv saved!
INFO:proxies.csv saved!
INFO:proxies.csv saved!
INFO:proxies.csv saved!
INFO:proxies.csv saved!
INFO:proxies.csv saved!
INFO:proxies.csv saved!
INFO:proxies.csv saved!
INFO:proxies.csv saved!
INFO:proxies.csv saved!
INFO:proxies.csv saved!
INFO:proxies.csv saved!
INFO:proxies.csv saved!
INFO:proxies.csv saved!
INFO:proxies.csv saved!
INFO:proxies.csv saved!
INFO:proxies.csv saved!
INFO:proxies.csv saved!
INFO:proxies.csv saved!
INFO:proxies.csv saved!
INFO:proxies.csv saved!
INFO:proxies.csv saved!
INFO:proxies.csv saved!
INFO:proxies.csv saved!
INFO:proxies.csv saved!
INFO:proxies.csv saved!
INFO:proxies.csv saved!
INFO:proxies.csv saved!
INFO:proxies.csv saved!
INFO:proxies.csv saved!
INFO:proxies.csv saved!
INFO:proxies.csv saved!
INFO:proxies.csv saved!
INFO:proxies.csv saved!
INFO:proxies.csv saved!
INFO:proxies.csv saved!
INFO:proxies.csv saved!
INFO:proxies.csv saved!
INFO:proxies.csv saved!
INFO:proxies.csv saved!
INFO:proxies.csv saved!
INFO:proxies.csv saved!
INFO:proxies.csv saved!
INFO:proxies.csv saved!
INFO:proxies.csv saved!
INFO:proxies.csv saved!
INFO:proxies.csv saved!
INFO:proxies.csv saved!
INFO:proxies.csv saved!
INFO:proxies.csv saved!
INFO:proxies.csv saved!
INFO:proxies.csv saved!
INFO:proxies.csv saved!
INFO:proxies.csv saved!
INFO:proxies.csv saved!
INFO:workProxies.csv saved!
INFO:workProxies.csv saved!
INFO:orgInfo.csv saved!
INFO:orgInfo.csv saved!
INFO:orgInfo.csv saved!
INFO:orgInfo.csv saved!
INFO:orgInfo.csv saved!
INFO:orgInfo.csv saved!
INFO:orgInfo.csv saved!
