INFO:單位主管.csv saved!
INFO:學院主管.csv saved!
INFO:學系主管.csv saved!
INFO:學系資料.csv saved!
INFO:單位主管.csv saved!
INFO:學院主管.csv saved!
INFO:學系主管.csv saved!
INFO:學系資料.csv saved!
INFO:單位主管.csv saved!
INFO:學院主管.csv saved!
INFO:學系主管.csv saved!
INFO:學系資料.csv saved!
INFO:proxies.csv saved!
INFO:proxies.csv saved!
INFO:proxies.csv saved!
INFO:proxies.csv saved!
INFO:proxies.csv saved!
INFO:proxies.csv saved!
INFO:proxies.csv saved!
INFO:proxies.csv saved!
INFO:proxies.csv saved!
INFO:proxies.csv saved!
INFO:proxies.csv saved!
INFO:proxies.csv saved!
INFO:proxies.csv saved!
INFO:proxies.csv saved!
INFO:proxies.csv saved!
INFO:proxies.csv saved!
INFO:proxies.csv saved!
INFO:proxies.csv saved!
INFO:proxies.csv saved!
INFO:proxies.csv saved!
INFO:proxies.csv saved!
INFO:proxies.csv saved!
INFO:proxies.csv saved!
INFO:proxies.csv saved!
INFO:proxies.csv saved!
INFO:proxies.csv saved!
INFO:proxies.csv saved!
INFO:proxies.csv saved!
INFO:proxies.csv saved!
INFO:proxies.csv saved!
INFO:proxies.csv saved!
INFO:proxies.csv saved!
INFO:proxies.csv saved!
INFO:proxies.csv saved!
INFO:proxies.csv saved!
INFO:proxies.csv saved!
INFO:proxies.csv saved!
INFO:proxies.csv saved!
INFO:proxies.csv saved!
INFO:proxies.csv saved!
INFO:proxies.csv saved!
INFO:proxies.csv saved!
INFO:proxies.csv saved!
INFO:proxies.csv saved!
INFO:proxies.csv saved!
INFO:proxies.csv saved!
INFO:proxies.csv saved!
INFO:proxies.csv saved!
INFO:proxies.csv saved!
INFO:proxies.csv saved!
INFO:proxies.csv saved!
INFO:proxies.csv saved!
INFO:proxies.csv saved!
INFO:proxies.csv saved!
INFO:proxies.csv saved!
INFO:proxies.csv saved!
INFO:proxies.csv saved!
INFO:proxies.csv saved!
INFO:proxies.csv saved!
INFO:proxies.csv saved!
INFO:proxies.csv saved!
INFO:proxies.csv saved!
INFO:proxies.csv saved!
INFO:proxies.csv saved!
INFO:proxies.csv saved!
INFO:proxies.csv saved!
INFO:proxies.csv saved!
INFO:proxies.csv saved!
INFO:proxies.csv saved!
INFO:proxies.csv saved!
INFO:proxies.csv saved!
INFO:proxies.csv saved!
INFO:proxies.csv saved!
INFO:proxies.csv saved!
INFO:proxies.csv saved!
INFO:proxies.csv saved!
INFO:proxies.csv saved!
INFO:proxies.csv saved!
INFO:proxies.csv saved!
INFO:proxies.csv saved!
INFO:proxies.csv saved!
INFO:proxies.csv saved!
INFO:proxies.csv saved!
INFO:proxies.csv saved!
INFO:proxies.csv saved!
INFO:proxies.csv saved!
INFO:proxies.csv saved!
INFO:proxies.csv saved!
INFO:proxies.csv saved!
INFO:proxies.csv saved!
INFO:proxies.csv saved!
INFO:proxies.csv saved!
INFO:proxies.csv saved!
INFO:proxies.csv saved!
INFO:proxies.csv saved!
INFO:proxies.csv saved!
INFO:proxies.csv saved!
INFO:proxies.csv saved!
INFO:proxies.csv saved!
INFO:proxies.csv saved!
INFO:proxies.csv saved!
INFO:proxies.csv saved!
INFO:proxies.csv saved!
INFO:proxies.csv saved!
INFO:proxies.csv saved!
INFO:proxies.csv saved!
INFO:proxies.csv saved!
INFO:proxies.csv saved!
INFO:proxies.csv saved!
INFO:proxies.csv saved!
INFO:proxies.csv saved!
INFO:proxies.csv saved!
INFO:proxies.csv saved!
INFO:proxies.csv saved!
INFO:proxies.csv saved!
INFO:proxies.csv saved!
INFO:proxies.csv saved!
INFO:proxies.csv saved!
INFO:proxies.csv saved!
INFO:proxies.csv saved!
INFO:proxies.csv saved!
INFO:proxies.csv saved!
INFO:proxies.csv saved!
INFO:proxies.csv saved!
INFO:proxies.csv saved!
INFO:proxies.csv saved!
INFO:proxies.csv saved!
INFO:proxies.csv saved!
INFO:proxies.csv saved!
INFO:proxies.csv saved!
INFO:proxies.csv saved!
INFO:proxies.csv saved!
INFO:proxies.csv saved!
INFO:proxies.csv saved!
INFO:proxies.csv saved!
INFO:proxies.csv saved!
INFO:proxies.csv saved!
INFO:proxies.csv saved!
INFO:proxies.csv saved!
INFO:proxies.csv saved!
INFO:proxies.csv saved!
INFO:proxies.csv saved!
INFO:proxies.csv saved!
INFO:proxies.csv saved!
INFO:proxies.csv saved!
INFO:proxies.csv saved!
INFO:proxies.csv saved!
INFO:proxies.csv saved!
INFO:proxies.csv saved!
INFO:proxies.csv saved!
INFO:proxies.csv saved!
INFO:proxies.csv saved!
INFO:proxies.csv saved!
INFO:proxies.csv saved!
INFO:proxies.csv saved!
INFO:proxies.csv saved!
INFO:proxies.csv saved!
INFO:proxies.csv saved!
INFO:proxies.csv saved!
INFO:proxies.csv saved!
INFO:proxies.csv saved!
INFO:proxies.csv saved!
INFO:proxies.csv saved!
INFO:proxies.csv saved!
INFO:proxies.csv saved!
INFO:proxies.csv saved!
INFO:proxies.csv saved!
INFO:proxies.csv saved!
INFO:proxies.csv saved!
INFO:proxies.csv saved!
INFO:proxies.csv saved!
INFO:proxies.csv saved!
INFO:proxies.csv saved!
INFO:proxies.csv saved!
INFO:proxies.csv saved!
INFO:proxies.csv saved!
INFO:proxies.csv saved!
INFO:proxies.csv saved!
INFO:proxies.csv saved!
INFO:proxies.csv saved!
INFO:proxies.csv saved!
INFO:proxies.csv saved!
INFO:proxies.csv saved!
INFO:proxies.csv saved!
INFO:proxies.csv saved!
INFO:proxies.csv saved!
INFO:proxies.csv saved!
INFO:proxies.csv saved!
INFO:proxies.csv saved!
INFO:proxies.csv saved!
INFO:proxies.csv saved!
INFO:proxies.csv saved!
INFO:proxies.csv saved!
INFO:proxies.csv saved!
INFO:proxies.csv saved!
INFO:proxies.csv saved!
INFO:proxies.csv saved!
INFO:proxies.csv saved!
INFO:proxies.csv saved!
INFO:proxies.csv saved!
INFO:proxies.csv saved!
INFO:proxies.csv saved!
INFO:teachers.csv saved!
INFO:單位主管.csv saved!
INFO:學院主管.csv saved!
INFO:學系主管.csv saved!
INFO:學系資料.csv saved!
INFO:teachers.csv saved!
