INFO:====== WebDriver manager ======
INFO:Current google-chrome version is 105.0.5195
INFO:Get LATEST chromedriver version for 105.0.5195 google-chrome
INFO:Driver [C:\Users\User\.wdm\drivers\chromedriver\win32\105.0.5195.52\chromedriver.exe] found in cache
INFO:違規紀錄.csv saved!
INFO:['伊頌天然實業社', '111.08.04', '伊頌天然草本葉酸卵磷脂', 'https://pmds.fda.gov.tw/illegalad/CaseDetail.aspx?ID=111P0660']
INFO:wait 11 sec
INFO:wait 10 sec
INFO:wait 9 sec
INFO:wait 8 sec
INFO:wait 7 sec
INFO:wait 6 sec
INFO:wait 5 sec
INFO:wait 4 sec
INFO:wait 3 sec
INFO:wait 2 sec
INFO:wait 1 sec
INFO:違規紀錄_連結.csv saved!
INFO:====== WebDriver manager ======
INFO:Current google-chrome version is 105.0.5195
INFO:Get LATEST chromedriver version for 105.0.5195 google-chrome
INFO:Driver [C:\Users\User\.wdm\drivers\chromedriver\win32\105.0.5195.52\chromedriver.exe] found in cache
INFO:wait 15 sec
INFO:wait 14 sec
INFO:wait 13 sec
INFO:wait 12 sec
INFO:wait 11 sec
INFO:wait 10 sec
INFO:wait 9 sec
INFO:wait 8 sec
INFO:wait 7 sec
INFO:wait 6 sec
INFO:wait 5 sec
INFO:wait 4 sec
INFO:wait 3 sec
INFO:wait 2 sec
INFO:wait 1 sec
INFO:違規紀錄.csv saved!
INFO:====== WebDriver manager ======
INFO:Current google-chrome version is 105.0.5195
INFO:Get LATEST chromedriver version for 105.0.5195 google-chrome
INFO:Driver [C:\Users\User\.wdm\drivers\chromedriver\win32\105.0.5195.52\chromedriver.exe] found in cache
INFO:違規紀錄.csv saved!
INFO:['伊頌天然實業社', '111.08.04', '伊頌天然草本葉酸卵磷脂', 'https://pmds.fda.gov.tw/illegalad/CaseDetail.aspx?ID=111P0660']
INFO:wait 13 sec
INFO:wait 12 sec
INFO:wait 11 sec
INFO:wait 10 sec
INFO:wait 9 sec
INFO:wait 8 sec
INFO:wait 7 sec
INFO:wait 6 sec
INFO:wait 5 sec
INFO:wait 4 sec
INFO:wait 3 sec
INFO:wait 2 sec
INFO:wait 1 sec
INFO:違規紀錄_連結.csv saved!
INFO:====== WebDriver manager ======
INFO:Current google-chrome version is 105.0.5195
INFO:Get LATEST chromedriver version for 105.0.5195 google-chrome
INFO:Driver [C:\Users\User\.wdm\drivers\chromedriver\win32\105.0.5195.52\chromedriver.exe] found in cache
INFO:wait 15 sec
INFO:wait 14 sec
INFO:wait 13 sec
INFO:wait 12 sec
INFO:wait 11 sec
INFO:wait 10 sec
INFO:wait 9 sec
INFO:wait 8 sec
INFO:wait 7 sec
INFO:wait 6 sec
INFO:wait 5 sec
INFO:wait 4 sec
INFO:wait 3 sec
INFO:wait 2 sec
INFO:wait 1 sec
INFO:違規紀錄.csv saved!
INFO:====== WebDriver manager ======
INFO:Current google-chrome version is 105.0.5195
INFO:Get LATEST chromedriver version for 105.0.5195 google-chrome
INFO:Driver [C:\Users\User\.wdm\drivers\chromedriver\win32\105.0.5195.52\chromedriver.exe] found in cache
INFO:違規紀錄.csv saved!
INFO:['伊頌天然實業社', '111.08.04', '伊頌天然草本葉酸卵磷脂', 'https://pmds.fda.gov.tw/illegalad/CaseDetail.aspx?ID=111P0660']
INFO:wait 18 sec
INFO:wait 17 sec
INFO:wait 16 sec
INFO:wait 15 sec
INFO:wait 14 sec
INFO:wait 13 sec
INFO:wait 12 sec
INFO:wait 11 sec
INFO:wait 10 sec
INFO:wait 9 sec
INFO:wait 8 sec
INFO:wait 7 sec
INFO:wait 6 sec
INFO:wait 5 sec
INFO:wait 4 sec
INFO:wait 3 sec
INFO:wait 2 sec
INFO:wait 1 sec
INFO:違規紀錄_連結.csv saved!
INFO:====== WebDriver manager ======
INFO:Current google-chrome version is 105.0.5195
INFO:Get LATEST chromedriver version for 105.0.5195 google-chrome
INFO:Driver [C:\Users\User\.wdm\drivers\chromedriver\win32\105.0.5195.52\chromedriver.exe] found in cache
INFO:違規紀錄.csv saved!
INFO:['伊頌天然實業社', '111.08.04', '伊頌天然草本葉酸卵磷脂', 'https://pmds.fda.gov.tw/illegalad/CaseDetail.aspx?ID=111P0660']
INFO:wait 13 sec
INFO:wait 12 sec
INFO:wait 11 sec
INFO:wait 10 sec
INFO:wait 9 sec
INFO:wait 8 sec
INFO:wait 7 sec
INFO:wait 6 sec
INFO:wait 5 sec
INFO:wait 4 sec
INFO:wait 3 sec
INFO:wait 2 sec
INFO:wait 1 sec
INFO:違規紀錄_連結.csv saved!
INFO:wait 12 sec
INFO:wait 11 sec
INFO:wait 10 sec
INFO:wait 9 sec
INFO:wait 8 sec
INFO:wait 7 sec
INFO:wait 6 sec
INFO:wait 5 sec
INFO:wait 4 sec
INFO:wait 3 sec
INFO:wait 2 sec
INFO:wait 1 sec
INFO:違規紀錄.csv saved!
